Build started 08/08/2016 19:31:29.
     1>Project "E:\Projets GitHub\P101-clone\P101\P101\P101.vcxproj" on node 2 (Build target(s)).
     1>ClCompile:
         C:\Program Files (x86)\Microsoft Visual Studio 12.0\VC\bin\CL.exe /c /I.\include /ZI /nologo /W3 /WX- /sdl /Od /Oy- /D WIN32 /D _DEBUG /D _CONSOLE /D _LIB /D _UNICODE /D UNICODE /Gm /EHsc /RTC1 /MDd /GS /fp:precise /Zc:wchar_t /Zc:forScope /Yc"stdafx.h" /Fp"Debug\P101.pch" /Fo"Debug\\" /Fd"Debug\vc120.pdb" /Gd /TP /analyze- /errorReport:prompt stdafx.cpp
         stdafx.cpp
     1>e:\projets github\p101-clone\p101\p101\map.h(45): warning C4244: 'initializing' : conversion from 'float' to 'int', possible loss of data
     1>e:\projets github\p101-clone\p101\p101\map.h(46): warning C4244: 'initializing' : conversion from 'float' to 'int', possible loss of data
     1>e:\projets github\p101-clone\p101\p101\map.h(47): warning C4244: 'initializing' : conversion from 'float' to 'int', possible loss of data
     1>e:\projets github\p101-clone\p101\p101\map.h(55): warning C4244: 'argument' : conversion from 'lua_Number' to 'sblAdr', possible loss of data
         C:\Program Files (x86)\Microsoft Visual Studio 12.0\VC\bin\CL.exe /c /I.\include /ZI /nologo /W3 /WX- /sdl /Od /Oy- /D WIN32 /D _DEBUG /D _CONSOLE /D _LIB /D _UNICODE /D UNICODE /Gm /EHsc /RTC1 /MDd /GS /fp:precise /Zc:wchar_t /Zc:forScope /Yu"stdafx.h" /Fp"Debug\P101.pch" /Fo"Debug\\" /Fd"Debug\vc120.pdb" /Gd /TP /analyze- /errorReport:prompt Caisse.cpp Camera.cpp Cube.cpp Input.cpp "P101 (moteur).cpp" sbl_env.cpp sbl_hub.cpp sbl_interface_hub.cpp sbl_main.cpp SceneOpenGL.cpp Shader.cpp Texture.cpp
         Texture.cpp
         Shader.cpp
         SceneOpenGL.cpp
         sbl_main.cpp
         sbl_interface_hub.cpp
         sbl_hub.cpp
     1>e:\projets github\p101-clone\p101\p101\sbl_hub.cpp(53): warning C4244: 'initializing' : conversion from 'lua_Number' to 'sblAdr', possible loss of data
         sbl_env.cpp
         P101 (moteur).cpp
         Input.cpp
         Cube.cpp
         Camera.cpp
     1>e:\projets github\p101-clone\p101\p101\camera.cpp(55): warning C4244: 'initializing' : conversion from 'double' to 'float', possible loss of data
     1>e:\projets github\p101-clone\p101\p101\camera.cpp(56): warning C4244: 'initializing' : conversion from 'double' to 'float', possible loss of data
     1>e:\projets github\p101-clone\p101\p101\camera.cpp(214): warning C4244: '=' : conversion from 'double' to 'float', possible loss of data
     1>e:\projets github\p101-clone\p101\p101\camera.cpp(215): warning C4244: '=' : conversion from 'double' to 'float', possible loss of data
         Caisse.cpp
         Generating Code...
       Link:
         C:\Program Files (x86)\Microsoft Visual Studio 12.0\VC\bin\link.exe /ERRORREPORT:PROMPT /OUT:"E:\Projets GitHub\P101-clone\P101\Debug\P101.exe" /INCREMENTAL /NOLOGO /LIBPATH:.\lib lua53.lib SDL2.lib SDL2main.lib SDL2test.lib SDL2_image.lib glew32s.lib kernel32.lib user32.lib gdi32.lib winspool.lib comdlg32.lib advapi32.lib shell32.lib ole32.lib oleaut32.lib uuid.lib odbc32.lib odbccp32.lib kernel32.lib user32.lib gdi32.lib winspool.lib comdlg32.lib advapi32.lib shell32.lib ole32.lib oleaut32.lib uuid.lib odbc32.lib odbccp32.lib /MANIFEST /MANIFESTUAC:"level='asInvoker' uiAccess='false'" /manifest:embed /DEBUG /PDB:"E:\Projets GitHub\P101-clone\P101\Debug\P101.pdb" /SUBSYSTEM:CONSOLE /TLBID:1 /DYNAMICBASE /NXCOMPAT /IMPLIB:"E:\Projets GitHub\P101-clone\P101\Debug\P101.lib" /MACHINE:X86 Debug\Caisse.obj
         Debug\Camera.obj
         Debug\Cube.obj
         Debug\Input.obj
         "Debug\P101 (moteur).obj"
         Debug\sbl_env.obj
         Debug\sbl_hub.obj
         Debug\sbl_interface_hub.obj
         Debug\sbl_main.obj
         Debug\SceneOpenGL.obj
         Debug\Shader.obj
         Debug\stdafx.obj
         Debug\Texture.obj
         LINK : E:\Projets GitHub\P101-clone\P101\Debug\P101.exe not found or not built by the last incremental link; performing full link
     1>LINK : warning LNK4098: defaultlib 'LIBCMT' conflicts with use of other libs; use /NODEFAULTLIB:library
     1>MSVCRTD.lib(cinitexe.obj) : warning LNK4098: defaultlib 'msvcrt.lib' conflicts with use of other libs; use /NODEFAULTLIB:library
     1>glew32s.lib(glew.obj) : warning LNK4099: PDB 'vc120.pdb' was not found with 'glew32s.lib(glew.obj)' or at 'E:\Projets GitHub\P101-clone\P101\Debug\vc120.pdb'; linking object as if no debug info
         P101.vcxproj -> E:\Projets GitHub\P101-clone\P101\Debug\P101.exe
     1>Done Building Project "E:\Projets GitHub\P101-clone\P101\P101\P101.vcxproj" (Build target(s)).

Build succeeded.

Time Elapsed 00:00:02.89
