e:\projets github\p101-clone\p101\p101\debug\p101.pch
e:\projets github\p101-clone\p101\p101\debug\vc120.pdb
e:\projets github\p101-clone\p101\p101\debug\vc120.idb
e:\projets github\p101-clone\p101\p101\debug\stdafx.obj
e:\projets github\p101-clone\p101\p101\debug\caisse.obj
e:\projets github\p101-clone\p101\p101\debug\camera.obj
e:\projets github\p101-clone\p101\p101\debug\cube.obj
e:\projets github\p101-clone\p101\p101\debug\gen_boost.obj
e:\projets github\p101-clone\p101\p101\debug\input.obj
e:\projets github\p101-clone\p101\p101\debug\p101 (moteur).obj
e:\projets github\p101-clone\p101\p101\debug\sbl_boost.obj
e:\projets github\p101-clone\p101\p101\debug\sbl_element.obj
e:\projets github\p101-clone\p101\p101\debug\sbl_env.obj
e:\projets github\p101-clone\p101\p101\debug\sbl_hub.obj
e:\projets github\p101-clone\p101\p101\debug\sbl_interface_hub.obj
e:\projets github\p101-clone\p101\p101\debug\sbl_main.obj
e:\projets github\p101-clone\p101\p101\debug\sceneopengl.obj
e:\projets github\p101-clone\p101\p101\debug\shader.obj
e:\projets github\p101-clone\p101\p101\debug\texture.obj
e:\projets github\p101-clone\p101\debug\p101.ilk
e:\projets github\p101-clone\p101\debug\p101.exe
e:\projets github\p101-clone\p101\debug\p101.pdb
e:\projets github\p101-clone\p101\p101\debug\p101.tlog\cl.command.1.tlog
e:\projets github\p101-clone\p101\p101\debug\p101.tlog\cl.read.1.tlog
e:\projets github\p101-clone\p101\p101\debug\p101.tlog\cl.write.1.tlog
e:\projets github\p101-clone\p101\p101\debug\p101.tlog\link.command.1.tlog
e:\projets github\p101-clone\p101\p101\debug\p101.tlog\link.read.1.tlog
e:\projets github\p101-clone\p101\p101\debug\p101.tlog\link.write.1.tlog
